Log file open, 08/22/18 12:57:34
LogWindows: Failed to load 'aqProf.dll' (GetLastError=126)
LogWindows: File 'aqProf.dll' does not exist
LogWindows: Failed to load 'VSPerf140.dll' (GetLastError=126)
LogWindows: File 'VSPerf140.dll' does not exist
LogWindows: Failed to load 'VtuneApi.dll' (GetLastError=126)
LogWindows: File 'VtuneApi.dll' does not exist
LogWindows: Failed to load 'VtuneApi32e.dll' (GetLastError=126)
LogWindows: File 'VtuneApi32e.dll' does not exist
LogInit: Display: Running engine for game: AssistLibProject
LogPlatformFile: Not using cached read wrapper
LogTaskGraph: Started task graph with 5 named threads and 35 total threads with 3 sets of task threads.
LogStats: Stats thread started at 0.396672
LogD3D11RHI: Loaded GFSDK_Aftermath_Lib.x64.dll
LogICUInternationalization: Display: ICU TimeZone Detection - Raw Offset: +3:00, Platform Override: ''
LogPluginManager: Mounting plugin Paper2D
LogPluginManager: Mounting plugin AISupport
LogPluginManager: Mounting plugin LightPropagationVolume
LogPluginManager: Mounting plugin CLionSourceCodeAccess
LogPluginManager: Mounting plugin CodeLiteSourceCodeAccess
LogPluginManager: Mounting plugin GitSourceControl
LogPluginManager: Mounting plugin KDevelopSourceCodeAccess
LogPluginManager: Mounting plugin NullSourceCodeAccess
LogPluginManager: Mounting plugin PerforceSourceControl
LogPluginManager: Mounting plugin SubversionSourceControl
LogPluginManager: Mounting plugin UObjectPlugin
LogPluginManager: Mounting plugin VisualStudioCodeSourceCodeAccess
LogPluginManager: Mounting plugin VisualStudioSourceCodeAccess
LogPluginManager: Mounting plugin XCodeSourceCodeAccess
LogPluginManager: Mounting plugin AssetManagerEditor
LogPluginManager: Mounting plugin CryptoKeys
LogPluginManager: Mounting plugin DataValidation
LogPluginManager: Mounting plugin FacialAnimation
LogPluginManager: Mounting plugin GameplayTagsEditor
LogPluginManager: Mounting plugin MacGraphicsSwitching
LogPluginManager: Mounting plugin MeshEditor
LogPluginManager: Mounting plugin MobileLauncherProfileWizard
LogPluginManager: Mounting plugin PluginBrowser
LogPluginManager: Mounting plugin SpeedTreeImporter
LogPluginManager: Mounting plugin DatasmithContent
LogPluginManager: Mounting plugin AlembicImporter
LogPluginManager: Mounting plugin AppleImageUtils
LogPluginManager: Mounting plugin AppleVision
LogPluginManager: Mounting plugin BackChannel
LogPluginManager: Mounting plugin CharacterAI
LogPluginManager: Mounting plugin GeometryCache
LogPluginManager: Mounting plugin HTML5Networking
LogPluginManager: Mounting plugin ProxyLODPlugin
LogPluginManager: Mounting plugin MagicLeap
LogPluginManager: Mounting plugin MagicLeapEmulator
LogPluginManager: Mounting plugin MagicLeapMedia
LogPluginManager: Mounting plugin AndroidMedia
LogPluginManager: Mounting plugin AvfMedia
LogPluginManager: Mounting plugin ImgMedia
LogPluginManager: Mounting plugin LinearTimecode
LogPluginManager: Mounting plugin MediaCompositing
LogPluginManager: Mounting plugin MediaPlayerEditor
LogPluginManager: Mounting plugin WmfMedia
LogPluginManager: Mounting plugin TcpMessaging
LogPluginManager: Mounting plugin UdpMessaging
LogPluginManager: Mounting plugin ActorSequence
LogPluginManager: Mounting plugin LevelSequenceEditor
LogPluginManager: Mounting plugin MatineeToLevelSequence
LogPluginManager: Mounting plugin NetcodeUnitTest
LogPluginManager: Mounting plugin NUTUnrealEngine4
LogPluginManager: Mounting plugin OnlineSubsystemGooglePlay
LogPluginManager: Mounting plugin OnlineSubsystemIOS
LogPluginManager: Mounting plugin OnlineSubsystem
LogPluginManager: Mounting plugin OnlineSubsystemNull
LogPluginManager: Mounting plugin OnlineSubsystemUtils
LogPluginManager: Mounting plugin LauncherChunkInstaller
LogPluginManager: Mounting plugin AndroidDeviceProfileSelector
LogPluginManager: Mounting plugin AndroidMoviePlayer
LogPluginManager: Mounting plugin AndroidPermission
LogPluginManager: Mounting plugin AppleMoviePlayer
LogPluginManager: Mounting plugin ArchVisCharacter
LogPluginManager: Mounting plugin AudioCapture
LogPluginManager: Mounting plugin CableComponent
LogPluginManager: Mounting plugin CustomMeshComponent
LogPluginManager: Mounting plugin EditableMesh
LogPluginManager: Mounting plugin ExampleDeviceProfileSelector
LogPluginManager: Mounting plugin GoogleCloudMessaging
LogPluginManager: Mounting plugin ImmediatePhysics
LogPluginManager: Mounting plugin IOSDeviceProfileSelector
LogPluginManager: Mounting plugin LinuxDeviceProfileSelector
LogPluginManager: Mounting plugin LocationServicesBPLibrary
LogPluginManager: Mounting plugin MobilePatchingUtils
LogPluginManager: Mounting plugin OculusVR
LogPluginManager: Plugin shader directory ../../../Engine/Plugins/Runtime/Oculus/OculusVR/Shaders found
LogPluginManager: Mapping shader source directory ../../../Engine/Plugins/Runtime/Oculus/OculusVR/Shaders to virtual directory /Plugin/OculusVR
LogPluginManager: Mounting plugin PhysXVehicles
LogPluginManager: Mounting plugin ProceduralMeshComponent
LogPluginManager: Mounting plugin RuntimePhysXCooking
LogPluginManager: Mounting plugin SteamVR
LogPluginManager: Mounting plugin WindowsMoviePlayer
LogPluginManager: Mounting plugin AssistCorePlugin
LogPluginManager: Mounting plugin AssistDBPlugin
LogPluginManager: Mounting plugin AssistDBPluginRuntime
LogPluginManager: Mounting plugin AssistUtils
LogStreaming: Display: Took  0.098s to configure plugins.
LogInit: Warning: Incompatible or missing module: AssistCorePlugin
LogInit: Warning: Incompatible or missing module: AssistDBPlugin
LogInit: Warning: Incompatible or missing module: AssistDBPluginRuntime
LogInit: Warning: Incompatible or missing module: AssistUtils
Running D:/apps/UE4/UE_4.20/Engine/Binaries/DotNET/UnrealBuildTool.exe Development Win64 -Project="D:/repos/ue4-plugins/AssistLibProject/AssistLibProject.uproject" -TargetType=Editor -Progress -NoHotReloadFromIDE
Using 'git status' to determine working set for adaptive non-unity build.
Creating makefile for AssistLibProjectEditor (ini files are newer than UBTMakefile)
Using Visual Studio 2017 14.14.26428 toolchain (C:\Program Files (x86)\Microsoft Visual Studio\2017\Community\VC\Tools\MSVC\14.14.26428) and Windows 10.0.16299.0 SDK (C:\Program Files (x86)\Windows Kits\10).
D:\repos\ue4-plugins\AssistLibProject\Plugins\AssistCorePlugin\Source\AssistCorePlugin\AssistCorePlugin.Build.cs: warning: Referenced directory 'D:\apps\UE4\UE_4.20\Engine\Source\AssistCorePlugin\Public' does not exist.
D:\repos\ue4-plugins\AssistLibProject\Plugins\AssistDBPlugin\Source\AssistDBPlugin\AssistDBPlugin.Build.cs: warning: Referenced directory 'D:\apps\UE4\UE_4.20\Engine\Source\AssistDBPlugin\Public' does not exist.
D:\repos\ue4-plugins\AssistLibProject\Plugins\AssistDBPlugin\Source\AssistDBPlugin\AssistDBPlugin.Build.cs: warning: Referenced directory 'D:\apps\UE4\UE_4.20\Engine\Source\AssistDBPluginRuntime\Public' does not exist.
D:\repos\ue4-plugins\AssistLibProject\Plugins\AssistDBPlugin\Source\AssistDBPlugin\AssistDBPlugin.Build.cs: warning: Referenced directory 'D:\repos\ue4-plugins\AssistLibProject\Plugins\AssistDBPlugin\Source\AssistDBPluginRuntime\Private' does not exist.
D:\repos\ue4-plugins\AssistLibProject\Plugins\AssistDBPluginRuntime\Source\AssistDBPluginRuntime\AssistDBPluginRuntime.Build.cs: warning: Referenced directory 'D:\apps\UE4\UE_4.20\Engine\Source\AssistDBPluginRuntime\Public' does not exist.
D:\repos\ue4-plugins\AssistLibProject\Plugins\AssistUtils\Source\AssistUtils\AssistUtils.Build.cs: warning: Referenced directory 'D:\apps\UE4\UE_4.20\Engine\Source\AssistUtils\Public' does not exist.
WARNING: Warning: Plugin 'AssistCorePlugin' does not list plugin 'AssistDBPluginRuntime' as a dependency, but module 'AssistCorePlugin' depends on 'AssistDBPluginRuntime'.
WARNING: Warning: Plugin 'AssistCorePlugin' does not list plugin 'AssistUtils' as a dependency, but module 'AssistCorePlugin' depends on 'AssistUtils'.
WARNING: Warning: Plugin 'AssistDBPlugin' does not list plugin 'AssistDBPluginRuntime' as a dependency, but module 'AssistDBPlugin' depends on 'AssistDBPluginRuntime'.
@progress push 5%
Parsing headers for AssistLibProjectEditor
  Running UnrealHeaderTool "D:\repos\ue4-plugins\AssistLibProject\AssistLibProject.uproject" "D:\repos\ue4-plugins\AssistLibProject\Intermediate\Build\Win64\AssistLibProjectEditor\Development\AssistLibProjectEditor.uhtmanifest" -LogCmds="loginit warning, logexit warning, logdatabase error" -Unattended -WarningsAsErrors -installed
Reflection code generated for AssistLibProjectEditor in 8,1976975 seconds
@progress pop
Building 19 actions with 12 processes...
  @progress 'Compiling C++ source code...' 0%
  PCLaunch.rc
  @progress 'Compiling C++ source code...' 5%
  PCLaunch.rc
  @progress 'Compiling C++ source code...' 11%
  PCLaunch.rc
  @progress 'Compiling C++ source code...' 16%
  PCLaunch.rc
  @progress 'Compiling C++ source code...' 21%
  Module.AssistDBPluginRuntime.gen.cpp
  @progress 'Compiling C++ source code...' 26%
  Module.AssistCorePlugin.gen.cpp
  @progress 'Compiling C++ source code...' 32%
  Module.AssistDBPluginRuntime.cpp
  @progress 'Compiling C++ source code...' 37%
  Module.AssistUtils.cpp
  @progress 'Compiling C++ source code...' 42%
  UE4Editor-AssistDBPluginRuntime.lib
     Creating library D:\repos\ue4-plugins\AssistLibProject\Plugins\AssistDBPluginRuntime\Intermediate\Build\Win64\UE4Editor\Development\AssistDBPluginRuntime\UE4Editor-AssistDBPluginRuntime.lib and object D:\repos\ue4-plugins\AssistLibProject\Plugins\AssistDBPluginRuntime\Intermediate\Build\Win64\UE4Editor\Development\AssistDBPluginRuntime\UE4Editor-AssistDBPluginRuntime.exp
  @progress 'Compiling C++ source code...' 47%
  UE4Editor-AssistUtils.lib
     Creating library D:\repos\ue4-plugins\AssistLibProject\Plugins\AssistUtils\Intermediate\Build\Win64\UE4Editor\Development\AssistUtils\UE4Editor-AssistUtils.lib and object D:\repos\ue4-plugins\AssistLibProject\Plugins\AssistUtils\Intermediate\Build\Win64\UE4Editor\Development\AssistUtils\UE4Editor-AssistUtils.exp
  @progress 'Compiling C++ source code...' 53%
  UE4Editor-AssistUtils.dll
     Creating library D:\repos\ue4-plugins\AssistLibProject\Plugins\AssistUtils\Intermediate\Build\Win64\UE4Editor\Development\AssistUtils\UE4Editor-AssistUtils.suppressed.lib and object D:\repos\ue4-plugins\AssistLibProject\Plugins\AssistUtils\Intermediate\Build\Win64\UE4Editor\Development\AssistUtils\UE4Editor-AssistUtils.suppressed.exp
  @progress 'Compiling C++ source code...' 58%
  UE4Editor-AssistDBPluginRuntime.dll
     Creating library D:\repos\ue4-plugins\AssistLibProject\Plugins\AssistDBPluginRuntime\Intermediate\Build\Win64\UE4Editor\Development\AssistDBPluginRuntime\UE4Editor-AssistDBPluginRuntime.suppressed.lib and object D:\repos\ue4-plugins\AssistLibProject\Plugins\AssistDBPluginRuntime\Intermediate\Build\Win64\UE4Editor\Development\AssistDBPluginRuntime\UE4Editor-AssistDBPluginRuntime.suppressed.exp
  @progress 'Compiling C++ source code...' 63%
  Module.AssistCorePlugin.cpp
  @progress 'Compiling C++ source code...' 68%
  UE4Editor-AssistCorePlugin.lib
     Creating library D:\repos\ue4-plugins\AssistLibProject\Plugins\AssistCorePlugin\Intermediate\Build\Win64\UE4Editor\Development\AssistCorePlugin\UE4Editor-AssistCorePlugin.lib and object D:\repos\ue4-plugins\AssistLibProject\Plugins\AssistCorePlugin\Intermediate\Build\Win64\UE4Editor\Development\AssistCorePlugin\UE4Editor-AssistCorePlugin.exp
  @progress 'Compiling C++ source code...' 74%
  UE4Editor-AssistCorePlugin.dll
     Creating library D:\repos\ue4-plugins\AssistLibProject\Plugins\AssistCorePlugin\Intermediate\Build\Win64\UE4Editor\Development\AssistCorePlugin\UE4Editor-AssistCorePlugin.suppressed.lib and object D:\repos\ue4-plugins\AssistLibProject\Plugins\AssistCorePlugin\Intermediate\Build\Win64\UE4Editor\Development\AssistCorePlugin\UE4Editor-AssistCorePlugin.suppressed.exp
  @progress 'Compiling C++ source code...' 79%
  SharedPCH.UnrealEd.cpp
  @progress 'Compiling C++ source code...' 84%
  Module.AssistDBPlugin.cpp
  @progress 'Compiling C++ source code...' 89%
  UE4Editor-AssistDBPlugin.lib
     Creating library D:\repos\ue4-plugins\AssistLibProject\Plugins\AssistDBPlugin\Intermediate\Build\Win64\UE4Editor\Development\AssistDBPlugin\UE4Editor-AssistDBPlugin.lib and object D:\repos\ue4-plugins\AssistLibProject\Plugins\AssistDBPlugin\Intermediate\Build\Win64\UE4Editor\Development\AssistDBPlugin\UE4Editor-AssistDBPlugin.exp
  @progress 'Compiling C++ source code...' 95%
  UE4Editor-AssistDBPlugin.dll
     Creating library D:\repos\ue4-plugins\AssistLibProject\Plugins\AssistDBPlugin\Intermediate\Build\Win64\UE4Editor\Development\AssistDBPlugin\UE4Editor-AssistDBPlugin.suppressed.lib and object D:\repos\ue4-plugins\AssistLibProject\Plugins\AssistDBPlugin\Intermediate\Build\Win64\UE4Editor\Development\AssistDBPlugin\UE4Editor-AssistDBPlugin.suppressed.exp
  @progress 'Compiling C++ source code...' 100%
Total build time: 44,27 seconds (Parallel executor: 30,09 seconds)
LogInit: Using libcurl 7.55.1-DEV
LogInit:  - built for x86_64-pc-win32
LogInit:  - supports SSL with OpenSSL/1.0.2h
LogInit:  - supports HTTP deflate (compression) using libz 1.2.8
LogInit:  - other features:
LogInit:      CURL_VERSION_SSL
LogInit:      CURL_VERSION_LIBZ
LogInit:      CURL_VERSION_IPV6
LogInit:      CURL_VERSION_ASYNCHDNS
LogInit:      CURL_VERSION_LARGEFILE
LogInit:      CURL_VERSION_IDN
LogInit:  CurlRequestOptions (configurable via config and command line):
LogInit:  - bVerifyPeer = false  - Libcurl will NOT verify peer certificate
LogInit:  - bUseHttpProxy = false  - Libcurl will NOT use HTTP proxy
LogInit:  - bDontReuseConnections = false  - Libcurl will reuse connections
LogInit:  - CertBundlePath = nullptr  - Libcurl will use whatever was configured at build time.
LogInit:  - MaxHostConnections = 16  - Libcurl will limit the number of connections to a host
LogInit:  - LocalHostAddr = Default
LogInit:  - BufferSize = 65536
LogInit: WinSock: version 1.1 (2.2), MaxSocks=32767, MaxUdp=65467
LogInit: Build: ++UE4+Release-4.20-CL-4233996
LogInit: Engine Version: 4.20.1-4233996+++UE4+Release-4.20
LogInit: Compatible Engine Version: 4.20.0-4212847+++UE4+Release-4.20
LogInit: Net CL: 4212847
LogInit: OS: Windows 10 (), CPU: Intel(R) Core(TM) i7-7800X CPU @ 3.50GHz, GPU: NVIDIA GeForce GTX 1080
LogInit: Compiled (64-bit): Jul 26 2018 10:07:30
LogInit: Compiled with Visual C++: 19.13.26129.00
LogInit: Build Configuration: Development
LogInit: Branch Name: ++UE4+Release-4.20
LogInit: Command Line:  
LogInit: Base Directory: D:/apps/UE4/UE_4.20/Engine/Binaries/Win64/
LogInit: Installed Engine Build: 1
LogDevObjectVersion: Number of dev versions registered: 20
LogDevObjectVersion:   Dev-Blueprints (B0D832E4-1F89-4F0D-ACCF-7EB736FD4AA2): 10
LogDevObjectVersion:   Dev-Build (E1C64328-A22C-4D53-A36C-8E866417BD8C): 0
LogDevObjectVersion:   Dev-Core (375EC13C-06E4-48FB-B500-84F0262A717E): 2
LogDevObjectVersion:   Dev-Editor (E4B068ED-F494-42E9-A231-DA0B2E46BB41): 24
LogDevObjectVersion:   Dev-Framework (CFFC743F-43B0-4480-9391-14DF171D2073): 34
LogDevObjectVersion:   Dev-Mobile (B02B49B5-BB20-44E9-A304-32B752E40360): 2
LogDevObjectVersion:   Dev-Networking (A4E4105C-59A1-49B5-A7C5-40C4547EDFEE): 0
LogDevObjectVersion:   Dev-Online (39C831C9-5AE6-47DC-9A44-9C173E1C8E7C): 0
LogDevObjectVersion:   Dev-Physics (78F01B33-EBEA-4F98-B9B4-84EACCB95AA2): 0
LogDevObjectVersion:   Dev-Platform (6631380F-2D4D-43E0-8009-CF276956A95A): 0
LogDevObjectVersion:   Dev-Rendering (12F88B9F-8875-4AFC-A67C-D90C383ABD29): 26
LogDevObjectVersion:   Dev-Sequencer (7B5AE74C-D270-4C10-A958-57980B212A5A): 9
LogDevObjectVersion:   Dev-VR (D7296918-1DD6-4BDD-9DE2-64A83CC13884): 2
LogDevObjectVersion:   Dev-LoadTimes (C2A15278-BFE7-4AFE-6C17-90FF531DF755): 1
LogDevObjectVersion:   Private-Geometry (6EACA3D4-40EC-4CC1-B786-8BED09428FC5): 3
LogDevObjectVersion:   Dev-AnimPhys (29E575DD-E0A3-4627-9D10-D276232CDCEA): 17
LogDevObjectVersion:   Dev-ReflectionCapture (6B266CEC-1EC7-4B8F-A30B-E4D90942FC07): 1
LogDevObjectVersion:   Dev-Automation (0DF73D61-A23F-47EA-B727-89E90C41499A): 1
LogDevObjectVersion:   FortniteMain (601D1886-AC64-4F84-AA16-D3DE0DEAC7D6): 12
LogDevObjectVersion:   Dev-Enterprise (9DFFBCD6-494F-0158-E221-12823C92A888): 1
LogStreaming: Display: Took  0.000s to delete old logs.
LogInit: Presizing for max 8388607 objects, including 0 objects not considered by GC, pre-allocating 0 bytes for permanent pool.
LogInit: Object subsystem initialized
[2018.08.22-09.58.23:150][  0]LogInit: Selected Device Profile: [Windows]
[2018.08.22-09.58.23:150][  0]LogInit: Applying CVar settings loaded from the selected device profile: [Windows]
[2018.08.22-09.58.23:177][  0]LogHAL: Display: Platform has ~ 16 GB [16842641408 / 17179869184 / 16], which maps to Larger [LargestMinGB=32, LargerMinGB=12, DefaultMinGB=8, SmallerMinGB=6, SmallestMinGB=0)
[2018.08.22-09.58.23:177][  0]LogInit: Setting Device Profile CVar: [[r.Vulkan.UseRealUBs:1]]
[2018.08.22-09.58.23:177][  0]LogInit: Going up to parent DeviceProfile []
[2018.08.22-09.58.23:177][  0]LogInit: Computer: DESKTOP-9IJQPG5
[2018.08.22-09.58.23:178][  0]LogInit: User: c1tr0
[2018.08.22-09.58.23:178][  0]LogInit: CPU Page size=4096, Cores=6
[2018.08.22-09.58.23:178][  0]LogInit: High frequency timer resolution =3.421874 MHz
[2018.08.22-09.58.23:178][  0]LogMemory: Memory total: Physical=15.7GB (16GB approx)
[2018.08.22-09.58.23:178][  0]LogMemory: Platform Memory Stats for Windows
[2018.08.22-09.58.23:178][  0]LogMemory: Process Physical Memory: 104.95 MB used, 104.95 MB peak
[2018.08.22-09.58.23:178][  0]LogMemory: Process Virtual Memory: 86.54 MB used, 86.54 MB peak
[2018.08.22-09.58.23:178][  0]LogMemory: Physical Memory: 7063.13 MB used,  8999.26 MB free, 16062.39 MB total
[2018.08.22-09.58.23:178][  0]LogMemory: Virtual Memory: 4705.95 MB used,  8999.26 MB free, 134217728.00 MB total
[2018.08.22-09.58.23:204][  0]LogInit: Using OS detected language (ru-RU).
[2018.08.22-09.58.23:204][  0]LogInit: Using OS detected locale (ru-RU).
[2018.08.22-09.58.23:205][  0]LogTextLocalizationManager: No specific localization for 'ru-RU' exists, so the 'ru' localization will be used.
[2018.08.22-09.58.23:206][  0]LogStreaming: Display: Took  0.002s to InitEngineTextLocalization.
[2018.08.22-09.58.23:206][  0]LogInit: Setting process to per monitor DPI aware
[2018.08.22-09.58.23:245][  0]LogSlate: New Slate User Created.  User Index 0, Is Virtual User: 0
[2018.08.22-09.58.23:245][  0]LogSlate: Slate User Registered.  User Index 0, Is Virtual User: 0
[2018.08.22-09.58.23:387][  0]LogHMD: Failed to initialize OpenVR with code 110
[2018.08.22-09.58.23:387][  0]LogD3D11RHI: D3D11 adapters:
[2018.08.22-09.58.23:482][  0]LogD3D11RHI:    0. 'NVIDIA GeForce GTX 1080' (Feature Level 11_0)
[2018.08.22-09.58.23:482][  0]LogD3D11RHI:       8079/0/8031 MB DedicatedVideo/DedicatedSystem/SharedSystem, Outputs:1, VendorId:0x10de
[2018.08.22-09.58.23:485][  0]LogD3D11RHI:    1. 'Microsoft Basic Render Driver' (Feature Level 11_0)
[2018.08.22-09.58.23:485][  0]LogD3D11RHI:       0/0/8031 MB DedicatedVideo/DedicatedSystem/SharedSystem, Outputs:0, VendorId:0x1414
[2018.08.22-09.58.23:485][  0]LogD3D11RHI: Chosen D3D11 Adapter: 0
[2018.08.22-09.58.23:493][  0]LogD3D11RHI: Creating new Direct3DDevice
[2018.08.22-09.58.23:493][  0]LogD3D11RHI:     GPU DeviceId: 0x1b80 (for the marketing name, search the web for "GPU Device Id")
[2018.08.22-09.58.23:493][  0]LogWindows: EnumDisplayDevices:
[2018.08.22-09.58.23:493][  0]LogWindows:    0. 'NVIDIA GeForce GTX 1080' (P:1 D:1)
[2018.08.22-09.58.23:493][  0]LogWindows:    1. 'NVIDIA GeForce GTX 1080' (P:0 D:0)
[2018.08.22-09.58.23:494][  0]LogWindows:    2. 'NVIDIA GeForce GTX 1080' (P:0 D:0)
[2018.08.22-09.58.23:494][  0]LogWindows:    3. 'NVIDIA GeForce GTX 1080' (P:0 D:0)
[2018.08.22-09.58.23:495][  0]LogWindows: DebugString: FoundDriverCount:4 
[2018.08.22-09.58.23:495][  0]LogD3D11RHI:     Adapter Name: NVIDIA GeForce GTX 1080
[2018.08.22-09.58.23:495][  0]LogD3D11RHI:   Driver Version: 397.64 (internal:24.21.13.9764, unified:397.64)
[2018.08.22-09.58.23:495][  0]LogD3D11RHI:      Driver Date: 5-7-2018
[2018.08.22-09.58.23:495][  0]LogRHI: Texture pool is 5655 MB (70% of 8079 MB)
[2018.08.22-09.58.23:546][  0]LogD3D11RHI: Async texture creation enabled
[2018.08.22-09.58.23:638][  0]LogD3D11RHI: GPU Timing Frequency: 1000.000000 (Debug: 2 2)
[2018.08.22-09.58.23:691][  0]LogShaderCompilers: Guid format shader working directory is -7 characters bigger than the processId version (../../../../../../repos/ue4-plugins/AssistLibProject/Intermediate/Shaders/WorkingDirectory/11516/).
[2018.08.22-09.58.23:691][  0]LogShaderCompilers: Cleaned the shader compiler working directory 'C:/Users/c1tr0/AppData/Local/Temp/UnrealShaderWorkingDir/19170BD8489C43A627B50CAB2CD14EBC/'.
[2018.08.22-09.58.23:988][  0]LogTemp: Display: Loaded TP AllDesktopTargetPlatform
[2018.08.22-09.58.24:001][  0]LogTemp: Display: Loaded TP MacClientTargetPlatform
[2018.08.22-09.58.24:011][  0]LogTemp: Display: Loaded TP MacNoEditorTargetPlatform
[2018.08.22-09.58.24:022][  0]LogTemp: Display: Loaded TP MacServerTargetPlatform
[2018.08.22-09.58.24:032][  0]LogTemp: Display: Loaded TP MacTargetPlatform
[2018.08.22-09.58.24:042][  0]LogTemp: Display: Loaded TP WindowsClientTargetPlatform
[2018.08.22-09.58.24:056][  0]LogTemp: Display: Loaded TP WindowsNoEditorTargetPlatform
[2018.08.22-09.58.24:067][  0]LogTemp: Display: Loaded TP WindowsServerTargetPlatform
[2018.08.22-09.58.24:072][  0]LogTemp: Display: Loaded TP WindowsTargetPlatform
[2018.08.22-09.58.24:139][  0]LogTemp: Display: Loaded TP AndroidTargetPlatform
[2018.08.22-09.58.24:139][  0]LogTemp: Display: Loaded TP AndroidTargetPlatform
[2018.08.22-09.58.24:139][  0]LogTemp: Display: Loaded TP AndroidTargetPlatform
[2018.08.22-09.58.24:139][  0]LogTemp: Display: Loaded TP AndroidTargetPlatform
[2018.08.22-09.58.24:139][  0]LogTemp: Display: Loaded TP AndroidTargetPlatform
[2018.08.22-09.58.24:139][  0]LogTemp: Display: Loaded TP AndroidTargetPlatform
[2018.08.22-09.58.24:139][  0]LogTemp: Display: Loaded TP AndroidTargetPlatform
[2018.08.22-09.58.24:139][  0]LogTemp: Display: Loaded TP AndroidTargetPlatform
[2018.08.22-09.58.24:139][  0]LogTemp: Display: Loaded TP AndroidTargetPlatform
[2018.08.22-09.58.24:139][  0]LogTemp: Display: Loaded TP AndroidTargetPlatform
[2018.08.22-09.58.24:139][  0]LogTemp: Display: Loaded TP AndroidTargetPlatform
[2018.08.22-09.58.24:139][  0]LogTemp: Display: Loaded TP AndroidTargetPlatform
[2018.08.22-09.58.24:139][  0]LogTemp: Display: Loaded TP AndroidTargetPlatform
[2018.08.22-09.58.24:139][  0]LogTemp: Display: Loaded TP AndroidTargetPlatform
[2018.08.22-09.58.24:139][  0]LogTemp: Display: Loaded TP AndroidTargetPlatform
[2018.08.22-09.58.24:139][  0]LogTemp: Display: Loaded TP AndroidTargetPlatform
[2018.08.22-09.58.24:139][  0]LogTemp: Display: Loaded TP AndroidTargetPlatform
[2018.08.22-09.58.24:139][  0]LogTemp: Display: Loaded TP AndroidTargetPlatform
[2018.08.22-09.58.24:140][  0]LogTemp: Display: Loaded TP HTML5TargetPlatform
[2018.08.22-09.58.24:211][  0]LogTemp: Display: Loaded TP IOSTargetPlatform
[2018.08.22-09.58.24:211][  0]LogTemp: Display: Loaded TP IOSTargetPlatform
[2018.08.22-09.58.24:239][  0]LogTemp: Display: Loaded TP TVOSTargetPlatform
[2018.08.22-09.58.24:239][  0]LogTemp: Display: Loaded TP TVOSTargetPlatform
[2018.08.22-09.58.24:249][  0]LogTemp: Display: Loaded TP LinuxClientTargetPlatform
[2018.08.22-09.58.24:259][  0]LogTemp: Display: Loaded TP LinuxNoEditorTargetPlatform
[2018.08.22-09.58.24:269][  0]LogTemp: Display: Loaded TP LinuxServerTargetPlatform
[2018.08.22-09.58.24:279][  0]LogTemp: Display: Loaded TP LinuxTargetPlatform
[2018.08.22-09.58.24:286][  0]LogTemp: Display: Loaded TP LuminTargetPlatform
[2018.08.22-09.58.24:286][  0]LogTargetPlatformManager: Display: Building Assets For Windows
[2018.08.22-09.58.24:320][  0]LogXGEController: Cleaning working directory: C:/Users/c1tr0/AppData/Local/Temp/UnrealXGEWorkingDir/
[2018.08.22-09.58.24:320][  0]LogXGEController: Cannot use XGE Controller as Incredibuild is not installed on this machine.
[2018.08.22-09.58.24:320][  0]LogShaderCompilers: Cannot use XGE Shader Compiler as Incredibuild is not installed on this machine.
[2018.08.22-09.58.24:320][  0]LogShaderCompilers: Display: Using Local Shader Compiler.
[2018.08.22-09.58.24:890][  0]LogDerivedDataCache: Display: Max Cache Size: 512 MB
[2018.08.22-09.58.24:947][  0]LogDerivedDataCache: Loaded boot cache 0.06s 87MB C:/Users/c1tr0/AppData/Local/UnrealEngine/4.20/DerivedDataCache/Boot.ddc.
[2018.08.22-09.58.24:947][  0]LogDerivedDataCache: Display: Loaded Boot cache: C:/Users/c1tr0/AppData/Local/UnrealEngine/4.20/DerivedDataCache/Boot.ddc
[2018.08.22-09.58.24:947][  0]LogDerivedDataCache: FDerivedDataBackendGraph:  Pak pak cache file ../../../../../../repos/ue4-plugins/AssistLibProject/DerivedDataCache/DDC.ddp not found, will not use a pak cache.
[2018.08.22-09.58.24:947][  0]LogDerivedDataCache: Unable to find inner node Pak for hierarchical cache Hierarchy.
[2018.08.22-09.58.24:947][  0]LogDerivedDataCache: FDerivedDataBackendGraph:  CompressedPak pak cache file ../../../../../../repos/ue4-plugins/AssistLibProject/DerivedDataCache/Compressed.ddp not found, will not use a pak cache.
[2018.08.22-09.58.24:947][  0]LogDerivedDataCache: Unable to find inner node CompressedPak for hierarchical cache Hierarchy.
[2018.08.22-09.58.24:958][  0]LogDerivedDataCache: Display: Pak cache opened for reading ../../../Engine/DerivedDataCache/Compressed.ddp.
[2018.08.22-09.58.24:971][  0]LogDerivedDataCache: Using Local data cache path C:/Users/c1tr0/AppData/Local/UnrealEngine/Common/DerivedDataCache: Writable
[2018.08.22-09.58.24:971][  0]LogDerivedDataCache: Shared data cache path not found in *engine.ini, will not use an Shared cache.
[2018.08.22-09.58.24:971][  0]LogDerivedDataCache: Unable to find inner node Shared for hierarchical cache Hierarchy.
[2018.08.22-09.58.25:002][  0]LogMaterial: Verifying Global Shaders for PCD3D_SM5
[2018.08.22-09.58.25:004][  0]LogSlate: Using FreeType 2.6.0
[2018.08.22-09.58.25:004][  0]LogSlate: SlateFontServices - WITH_FREETYPE: 1, WITH_HARFBUZZ: 1
[2018.08.22-09.58.25:077][  0]LogAssetRegistry: FAssetRegistry took 0.0256 seconds to start up
[2018.08.22-09.58.25:360][  0]LogInit: Selected Device Profile: [Windows]
[2018.08.22-09.58.25:465][  0]LogSimplygon: Simplygon DLL not present - disabling.
[2018.08.22-09.58.25:467][  0]LogMeshReduction: Using SimplygonSwarm for distributed automatic mesh merging
[2018.08.22-09.58.25:467][  0]LogMeshReduction: Using ProxyLODMeshReduction for automatic mesh merging
[2018.08.22-09.58.25:467][  0]LogMeshReduction: Using QuadricMeshReduction for automatic static mesh reduction
[2018.08.22-09.58.25:467][  0]LogMeshReduction: No automatic skeletal mesh reduction module available
[2018.08.22-09.58.25:484][  0]LogNetVersion: AssistLibProject 1.0.0, NetCL: 4212847, EngineNetVer: 5, GameNetVer: 0 (Checksum: 2107956811)
[2018.08.22-09.58.26:053][  0]LogPackageLocalizationCache: Processed 14 localized package path(s) for 2 prioritized culture(s) in 0.138767 seconds
[2018.08.22-09.58.26:066][  0]LogUObjectArray: 38425 objects as part of root set at end of initial load.
[2018.08.22-09.58.26:066][  0]LogUObjectAllocator: 6690872 out of 0 bytes used by permanent object pool.
[2018.08.22-09.58.26:066][  0]LogUObjectArray: CloseDisregardForGC: 0/0 objects in disregard for GC pool
[2018.08.22-09.58.26:796][  0]LogTcpMessaging: Initializing TcpMessaging bridge
[2018.08.22-09.58.26:809][  0]LogUdpMessaging: Initializing bridge on interface 0.0.0.0:0 to multicast group 230.0.0.1:6666.
[2018.08.22-09.58.26:975][  0]SourceControl: Source control is disabled
[2018.08.22-09.58.26:975][  0]SourceControl: Source control is disabled
[2018.08.22-09.58.26:977][  0]SourceControl: Source control is disabled
[2018.08.22-09.58.26:977][  0]SourceControl: Source control is disabled
[2018.08.22-09.58.27:142][  0]LogAndroidPermission: UAndroidPermissionCallbackProxy::GetInstance
[2018.08.22-09.58.27:259][  0]LogOcInput: OculusInput pre-init called
[2018.08.22-09.58.27:306][  0]LogLinker: Warning: Can't find file '/Game/DB/DB'
[2018.08.22-09.58.27:306][  0]LogLinker: Warning: Can't find file '/Game/DB/DB'
[2018.08.22-09.58.27:306][  0]LogUObjectGlobals: Warning: Failed to find object 'Object None./Game/DB/DB'
[2018.08.22-09.58.27:306][  0]LogTemp: Warning: Path: /Game/DB/DB
[2018.08.22-09.58.27:306][  0]LogTemp: Error: Asset not found
[2018.08.22-09.58.27:306][  0]LogTemp: Error: DB is null
[2018.08.22-09.58.27:306][  0]LogTemp: Warning: GUI Created [0 frames classes preloaded]
[2018.08.22-09.58.27:936][  0]LogEngine: Initializing Engine...
[2018.08.22-09.58.27:937][  0]LogHMD: Failed to initialize OpenVR with code 110
[2018.08.22-09.58.27:938][  0]LogStats: UGameplayTagsManager::ConstructGameplayTagTree: ImportINI prefixes -  0.000 s
[2018.08.22-09.58.27:938][  0]LogStats: UGameplayTagsManager::ConstructGameplayTagTree: Construct from data asset -  0.000 s
[2018.08.22-09.58.27:938][  0]LogStats: UGameplayTagsManager::ConstructGameplayTagTree: ImportINI -  0.000 s
[2018.08.22-09.58.27:938][  0]LogStats: UGameplayTagsManager::ConstructGameplayTagTree: GameplayTagTreeChangedEvent.Broadcast -  0.000 s
[2018.08.22-09.58.28:165][  0]LogInit: Initializing FReadOnlyCVARCache
[2018.08.22-09.58.28:182][  0]LogAIModule: Creating AISystem for world Untitled
[2018.08.22-09.58.28:254][  0]LogInit: XAudio2 using 'Наушники (Устройство с поддержкой High Definition Audio)' : 2 channels at 48 kHz using 16 bits per sample (channel mask 0x3)
[2018.08.22-09.58.28:270][  0]LogInit: FAudioDevice initialized.
[2018.08.22-09.58.28:271][  0]LogNetVersion: Set ProjectVersion to 1.0.0.0. Version Checksum will be recalculated on next use.
[2018.08.22-09.58.28:356][  0]LogDerivedDataCache: Saved boot cache 0.09s 87MB C:/Users/c1tr0/AppData/Local/UnrealEngine/4.20/DerivedDataCache/Boot.ddc.
[2018.08.22-09.58.28:375][  0]LogInit: Texture streaming: Enabled
[2018.08.22-09.58.28:391][  0]LogEngineSessionManager: EngineSessionManager initialized
[2018.08.22-09.58.28:408][  0]LogInit: Transaction tracking system initialized
[2018.08.22-09.58.28:429][  0]BlueprintLog: New page: Editor Load
[2018.08.22-09.58.28:481][  0]LocalizationService: Localization service is disabled
[2018.08.22-09.58.28:769][  0]LogCook: Display: Max memory allowance for cook 16384mb min free memory 0mb
[2018.08.22-09.58.28:769][  0]LogCook: Display: Mobile HDR setting 1
[2018.08.22-09.58.28:769][  0]LogGameplayTags: Display: UGameplayTagsManager::DoneAddingNativeTags. DelegateIsBound: 0
[2018.08.22-09.58.28:769][  0]LogStats: UGameplayTagsManager::ConstructGameplayTagTree: ImportINI prefixes -  0.000 s
[2018.08.22-09.58.28:769][  0]LogStats: UGameplayTagsManager::ConstructGameplayTagTree: Construct from data asset -  0.000 s
[2018.08.22-09.58.28:769][  0]LogStats: UGameplayTagsManager::ConstructGameplayTagTree: ImportINI -  0.000 s
[2018.08.22-09.58.28:769][  0]LogStats: UGameplayTagsManager::ConstructGameplayTagTree: GameplayTagTreeChangedEvent.Broadcast -  0.000 s
[2018.08.22-09.58.28:866][  0]LogFileCache: Scanning file cache for directory 'D:/repos/ue4-plugins/AssistLibProject/Content/' took 0.01s
[2018.08.22-09.58.28:866][  0]SourceControl: Source control is disabled
[2018.08.22-09.58.28:866][  0]Cmd: MAP LOAD FILE="../../../Engine/Content/Maps/Templates/Template_Default.umap" TEMPLATE=1 SHOWPROGRESS=1 FEATURELEVEL=3
[2018.08.22-09.58.28:867][  0]LightingResults: New page: Lighting Build
[2018.08.22-09.58.28:868][  0]MapCheck: New page: Map Check
[2018.08.22-09.58.28:868][  0]LightingResults: New page: Lighting Build
[2018.08.22-09.58.29:073][  0]LogAIModule: Creating AISystem for world Untitled_1
[2018.08.22-09.58.29:080][  0]LogEditorServer: Finished looking for orphan Actors (0.000 secs)
[2018.08.22-09.58.29:117][  0]Cmd: MAP CHECKDEP NOCLEARLOG
[2018.08.22-09.58.29:146][  0]MapCheck: Map check complete: 0 Error(s), 0 Warning(s), took 29,49ms to complete.
[2018.08.22-09.58.29:147][  0]LogFileHelpers: Loading map 'Template_Default' took 0.280
[2018.08.22-09.58.29:205][  0]LogWindowsTextInputMethodSystem: Display: IME system now deactivated.
[2018.08.22-09.58.29:224][  0]LogCollectionManager: Loaded 0 collections in 0.000976 seconds
[2018.08.22-09.58.29:265][  0]LogFileCache: Scanning file cache for directory 'D:/repos/ue4-plugins/AssistLibProject/Saved/Collections/' took 0.01s
[2018.08.22-09.58.29:265][  0]LogFileCache: Scanning file cache for directory 'D:/repos/ue4-plugins/AssistLibProject/Content/Developers/c1tr0/Collections/' took 0.01s
[2018.08.22-09.58.29:265][  0]LogFileCache: Scanning file cache for directory 'D:/repos/ue4-plugins/AssistLibProject/Content/Collections/' took 0.01s
[2018.08.22-09.58.29:265][  0]LogCollectionManager: Rebuilt the GUID cache for 0 collections in 0.000000 seconds
[2018.08.22-09.58.29:275][  0]LogContentBrowser: Native class hierarchy populated in 0.0097 seconds. Added 2583 classes and 613 folders.
[2018.08.22-09.58.29:279][  0]LogContentBrowser: Native class hierarchy updated for 'WidgetCarousel' in 0.0003 seconds. Added 0 classes and 0 folders.
[2018.08.22-09.58.29:319][  0]LogContentBrowser: Native class hierarchy updated for 'AddContentDialog' in 0.0004 seconds. Added 0 classes and 0 folders.
[2018.08.22-09.58.29:332][  0]LogContentBrowser: Native class hierarchy updated for 'SceneOutliner' in 0.0003 seconds. Added 1 classes and 2 folders.
[2018.08.22-09.58.29:342][  0]LogSlate: Updating window title bar state: overlay mode, drag disabled, window buttons hidden, title bar hidden
[2018.08.22-09.58.29:348][  0]LogSlate: Updating window title bar state: overlay mode, drag disabled, window buttons hidden, title bar hidden
[2018.08.22-09.58.29:357][  0]LogSlate: Updating window title bar state: overlay mode, drag disabled, window buttons hidden, title bar hidden
[2018.08.22-09.58.29:371][  0]LogSlate: Updating window title bar state: overlay mode, drag disabled, window buttons hidden, title bar hidden
[2018.08.22-09.58.29:430][  0]LogSlate: Took 0.000301 seconds to synchronously load lazily loaded font '../../../Engine/Content/Slate/Fonts/Roboto-Regular.ttf' (155K)
[2018.08.22-09.58.29:435][  0]LogSlate: Took 0.000293 seconds to synchronously load lazily loaded font '../../../Engine/Content/Slate/Fonts/Roboto-Bold.ttf' (160K)
[2018.08.22-09.58.29:544][  0]LogRenderer: Reallocating scene render targets to support 896x684 Format 10 NumSamples 1 (Frame:1).
[2018.08.22-09.58.29:698][  0]LogContentBrowser: Native class hierarchy updated for 'HierarchicalLODOutliner' in 0.0007 seconds. Added 0 classes and 0 folders.
[2018.08.22-09.58.29:698][  0]LogLoad: (Engine Initialization) Total time: 56.72 seconds
[2018.08.22-09.58.29:698][  0]LogLoad: (Engine Initialization) Total Blueprint compile time: 0.00 seconds
[2018.08.22-09.58.29:728][  0]LogAssetRegistry: Asset discovery search completed in 4.6743 seconds
[2018.08.22-09.58.29:730][  0]LogCollectionManager: Rebuilt the object cache for 0 collections in 0.000000 seconds (found 0 objects)
[2018.08.22-09.58.29:730][  0]LogCollectionManager: Fixed up redirectors for 0 collections in 0.000093 seconds (updated 0 objects)
[2018.08.22-09.58.29:732][  0]LogContentStreaming: Texture pool size now 3000 MB
[2018.08.22-09.59.02:751][573]LogSlate: FSceneViewport::OnFocusLost() reason 2
[2018.08.22-09.59.03:998][722]LogSlate: FSceneViewport::OnFocusLost() reason 2
[2018.08.22-09.59.12:238][681]LogSlate: Window 'Plugins' being destroyed
[2018.08.22-09.59.12:245][681]LogSlate: Window 'Plugins' being destroyed
[2018.08.22-09.59.12:245][681]LogDirectoryWatcher: A directory notification for '../../../Engine/Plugins/' was aborted.
[2018.08.22-09.59.12:245][681]LogDirectoryWatcher: A directory notification for '../../../../../../repos/ue4-plugins/AssistLibProject/Plugins/' was aborted.
[2018.08.22-09.59.13:903][875]LogSlate: FSceneViewport::OnFocusLost() reason 2
[2018.08.22-09.59.15:230][ 28]LogSlate: Took 0.000181 seconds to synchronously load lazily loaded font '../../../Engine/Content/Slate/Fonts/Roboto-Light.ttf' (167K)
[2018.08.22-09.59.15:232][ 28]LogSlate: FSceneViewport::OnFocusLost() reason 2
[2018.08.22-09.59.15:239][ 28]Running D:/apps/UE4/UE_4.20/Engine/Binaries/DotNET/UnrealBuildTool.exe  -projectfiles -project="D:/repos/ue4-plugins/AssistLibProject/AssistLibProject.uproject" -game -rocket -progress
[2018.08.22-09.59.15:659][ 28]Discovering modules, targets and source code for project...
[2018.08.22-09.59.17:775][ 28]D:\apps\UE4\UE_4.20\Engine\Source\ThirdParty\Expat\Expat.Build.cs: warning: Referenced directory 'D:\apps\UE4\UE_4.20\Engine\Source\ThirdParty\Expat\expat-2.2.0\Win64\VS2015\Release' does not exist.
[2018.08.22-09.59.18:180][ 28]D:\repos\ue4-plugins\AssistLibProject\Plugins\AssistCorePlugin\Source\AssistCorePlugin\AssistCorePlugin.Build.cs: warning: Referenced directory 'D:\apps\UE4\UE_4.20\Engine\Source\AssistCorePlugin\Public' does not exist.
[2018.08.22-09.59.18:180][ 28]D:\repos\ue4-plugins\AssistLibProject\Plugins\AssistDBPlugin\Source\AssistDBPlugin\AssistDBPlugin.Build.cs: warning: Referenced directory 'D:\apps\UE4\UE_4.20\Engine\Source\AssistDBPlugin\Public' does not exist.
[2018.08.22-09.59.18:180][ 28]D:\repos\ue4-plugins\AssistLibProject\Plugins\AssistDBPlugin\Source\AssistDBPlugin\AssistDBPlugin.Build.cs: warning: Referenced directory 'D:\apps\UE4\UE_4.20\Engine\Source\AssistDBPluginRuntime\Public' does not exist.
[2018.08.22-09.59.18:180][ 28]D:\repos\ue4-plugins\AssistLibProject\Plugins\AssistDBPlugin\Source\AssistDBPlugin\AssistDBPlugin.Build.cs: warning: Referenced directory 'D:\repos\ue4-plugins\AssistLibProject\Plugins\AssistDBPlugin\Source\AssistDBPluginRuntime\Private' does not exist.
[2018.08.22-09.59.18:180][ 28]D:\repos\ue4-plugins\AssistLibProject\Plugins\AssistDBPluginRuntime\Source\AssistDBPluginRuntime\AssistDBPluginRuntime.Build.cs: warning: Referenced directory 'D:\apps\UE4\UE_4.20\Engine\Source\AssistDBPluginRuntime\Public' does not exist.
[2018.08.22-09.59.18:180][ 28]D:\repos\ue4-plugins\AssistLibProject\Plugins\AssistUtils\Source\AssistUtils\AssistUtils.Build.cs: warning: Referenced directory 'D:\apps\UE4\UE_4.20\Engine\Source\AssistUtils\Public' does not exist.
[2018.08.22-10.02.45:142][822]LogSlate: FSceneViewport::OnFocusLost() reason 2
